<?xml version="1.0" encoding="UTF-8"?>
<!-- Generated by org.testng.reporters.JUnitReportReporter -->
<testsuite hostname="Biswa-Win10Pro-DND" failures="0" tests="1" name="com.qa.test.CaptureScreenshot2" time="37.030" errors="0" timestamp="2021-12-05T18:23:56 IST" skipped="0">
  <testcase classname="com.qa.test.CaptureScreenshot2" name="captureScreenMethod" time="37.030"/>
</testsuite> <!-- com.qa.test.CaptureScreenshot2 -->
