<?xml version="1.0" encoding="UTF-8"?>
<!-- Generated by org.testng.reporters.JUnitReportReporter -->
<testsuite hostname="Biswa-Win10Pro-DND" failures="0" tests="1" name="om.retryfailedtest.com.Test1" time="0.026" errors="0" timestamp="2021-12-05T18:49:10 IST" skipped="0">
  <testcase classname="om.retryfailedtest.com.Test1" name="test1" time="0.026"/>
</testsuite> <!-- om.retryfailedtest.com.Test1 -->
