<?xml version="1.0" encoding="UTF-8"?>
<!-- Generated by org.testng.reporters.JUnitReportReporter -->
<testsuite hostname="Biswa-Win10Pro-DND" failures="0" tests="1" name="com.calender.test.Example7" time="19.990" errors="0" timestamp="2021-12-06T15:46:01 IST" skipped="0">
  <testcase classname="com.calender.test.Example7" name="enterText" time="19.990"/>
</testsuite> <!-- com.calender.test.Example7 -->
