<?xml version="1.0" encoding="UTF-8"?>
<!-- Generated by org.testng.reporters.JUnitReportReporter -->
<testsuite hostname="Biswa-Win10Pro-DND" failures="0" tests="1" name="com.qa.test.TestCase1" time="0.022" errors="0" timestamp="2021-11-29T18:28:39 IST" skipped="0">
  <testcase classname="com.qa.test.TestCase1" name="loginTest" time="0.022"/>
</testsuite> <!-- com.qa.test.TestCase1 -->
