<?xml version="1.0" encoding="UTF-8"?>
<!-- Generated by org.testng.reporters.JUnitReportReporter -->
<testsuite hostname="Biswa-Win10Pro-DND" failures="0" tests="1" name="com.DataDriven.Framework.ExcelExample" time="0.000" errors="0" timestamp="2021-12-15T14:24:34 IST" skipped="1">
  <testcase classname="com.DataDriven.Framework.ExcelExample" name="demoClass" time="0.000">
    <skipped/>
  </testcase> <!-- demoClass -->
</testsuite> <!-- com.DataDriven.Framework.ExcelExample -->
