<?xml version="1.0" encoding="UTF-8"?>
<!-- Generated by org.testng.reporters.JUnitReportReporter -->
<testsuite hostname="Biswa-Win10Pro-DND" failures="0" tests="1" name="com.tsetng.param.dataprovider.WithoutParameter" time="9.313" errors="0" timestamp="2021-12-20T18:00:00 IST" skipped="0">
  <testcase classname="com.tsetng.param.dataprovider.WithoutParameter" name="noParam" time="9.313"/>
</testsuite> <!-- com.tsetng.param.dataprovider.WithoutParameter -->
