<?xml version="1.0" encoding="UTF-8"?>
<!-- Generated by org.testng.reporters.JUnitReportReporter -->
<testsuite hostname="Biswa-Win10Pro-DND" failures="0" tests="1" name="com.report.testng.DemoB" time="14.063" errors="0" timestamp="2021-12-22T11:08:33 IST" skipped="0">
  <testcase classname="com.report.testng.DemoB" name="run" time="14.063"/>
</testsuite> <!-- com.report.testng.DemoB -->
