<?xml version="1.0" encoding="UTF-8"?>
<!-- Generated by org.testng.reporters.JUnitReportReporter -->
<testsuite hostname="Biswa-Win10Pro-DND" failures="0" tests="1" name="com.qa.test.TestNGException" time="0.022" errors="0" timestamp="2021-11-27T15:43:25 IST" skipped="0">
  <testcase classname="com.qa.test.TestNGException" name="testException" time="0.022"/>
</testsuite> <!-- com.qa.test.TestNGException -->
