<?xml version="1.0" encoding="UTF-8"?>
<!-- Generated by org.testng.reporters.JUnitReportReporter -->
<testsuite hostname="Biswa-Win10Pro-DND" failures="0" tests="1" name="com.qa.test.ParameterizedTest" time="0.025" errors="0" timestamp="2021-11-27T15:44:06 IST" skipped="0">
  <testcase classname="com.qa.test.ParameterizedTest" name="parameterizedTest" time="0.025"/>
</testsuite> <!-- com.qa.test.ParameterizedTest -->
