<?xml version="1.0" encoding="UTF-8"?>
<!-- Generated by org.testng.reporters.JUnitReportReporter -->
<testsuite hostname="Biswa-Win10Pro-DND" failures="0" tests="2" name="com.qa.test.ParallelTests" time="131.678" errors="0" timestamp="2021-11-30T19:13:45 IST" skipped="0">
  <testcase classname="com.qa.test.ParallelTests" name="getChrome" time="77.420"/>
  <testcase classname="com.qa.test.ParallelTests" name="getFirefox" time="54.258"/>
</testsuite> <!-- com.qa.test.ParallelTests -->
