<?xml version="1.0" encoding="UTF-8"?>
<!-- Generated by org.testng.reporters.JUnitReportReporter -->
<testsuite hostname="Biswa-Win10Pro-DND" failures="0" tests="2" name="com.pom.examplePF.browserStackSetup.BrowserStackSetup" time="5.433" errors="0" timestamp="2021-12-09T12:46:26 IST" skipped="0">
  <testcase classname="com.pom.examplePF.browserStackSetup.BrowserStackSetup" name="navigate_to_homepage_click_on_getstarted" time="4.865"/>
  <testcase classname="com.pom.examplePF.browserStackSetup.BrowserStackSetup" name="enter_userDetails" time="0.568"/>
</testsuite> <!-- com.pom.examplePF.browserStackSetup.BrowserStackSetup -->
