<?xml version="1.0" encoding="UTF-8"?>
<!-- Generated by org.testng.reporters.JUnitReportReporter -->
<testsuite hostname="Biswa-Win10Pro-DND" failures="0" tests="2" name="com.baseclassConcept.org.InvalidLogin" time="18.014" errors="0" timestamp="2021-12-07T14:39:46 IST" skipped="0">
  <testcase classname="com.baseclassConcept.org.InvalidLogin" name="loginToApplication1" time="3.438"/>
  <testcase classname="com.baseclassConcept.org.InvalidLogin" name="loginToApplication" time="14.576"/>
</testsuite> <!-- com.baseclassConcept.org.InvalidLogin -->
