<?xml version="1.0" encoding="UTF-8"?>
<!-- Generated by org.testng.reporters.JUnitReportReporter -->
<testsuite hostname="Biswa-Win10Pro-DND" failures="0" tests="5" name="com.testng.annotations.TestNG_Priority_Annotations" time="0.040" errors="0" timestamp="2021-12-06T20:47:23 IST" skipped="0">
  <testcase classname="com.testng.annotations.TestNG_Priority_Annotations" name="e_method" time="0.026"/>
  <testcase classname="com.testng.annotations.TestNG_Priority_Annotations" name="a_method" time="0.004"/>
  <testcase classname="com.testng.annotations.TestNG_Priority_Annotations" name="d_method" time="0.006"/>
  <testcase classname="com.testng.annotations.TestNG_Priority_Annotations" name="c_method" time="0.002"/>
  <testcase classname="com.testng.annotations.TestNG_Priority_Annotations" name="b_method" time="0.002"/>
</testsuite> <!-- com.testng.annotations.TestNG_Priority_Annotations -->
