<?xml version="1.0" encoding="UTF-8"?>
<!-- Generated by org.testng.reporters.JUnitReportReporter -->
<testsuite hostname="Biswa-Win10Pro-DND" failures="0" tests="4" name="com.qa.test.Priority_In_testNG" time="19.880" errors="0" timestamp="2021-12-06T20:40:47 IST" skipped="0">
  <testcase classname="com.qa.test.Priority_In_testNG" name="openBrowser" time="5.771"/>
  <testcase classname="com.qa.test.Priority_In_testNG" name="launchGoogle" time="5.130"/>
  <testcase classname="com.qa.test.Priority_In_testNG" name="peformSeachAndClick1stLink" time="0.235"/>
  <testcase classname="com.qa.test.Priority_In_testNG" name="FaceBookPageTitleVerification" time="8.744"/>
</testsuite> <!-- com.qa.test.Priority_In_testNG -->
