<?xml version="1.0" encoding="UTF-8"?>
<!-- Generated by org.testng.reporters.JUnitReportReporter -->
<testsuite hostname="Biswa-Win10Pro-DND" failures="0" tests="2" name="com.qa.test.TestngAnnotation" time="0.013" errors="0" timestamp="2021-12-06T19:22:52 IST" skipped="0">
  <testcase classname="com.qa.test.TestngAnnotation" name="testCase2" time="0.004"/>
  <testcase classname="com.qa.test.TestngAnnotation" name="testCase1" time="0.009"/>
</testsuite> <!-- com.qa.test.TestngAnnotation -->
