<?xml version="1.0" encoding="UTF-8"?>
<!-- Generated by org.testng.reporters.JUnitReportReporter -->
<testsuite hostname="Biswa-Win10Pro-DND" failures="0" tests="2" name="com.qa.test.DataProviderClass" time="0.021" errors="0" timestamp="2021-12-20T17:27:12 IST" skipped="0">
  <testcase classname="com.qa.test.DataProviderClass" name="loginTest" time="0.018"/>
  <testcase classname="com.qa.test.DataProviderClass" name="loginTest" time="0.003"/>
</testsuite> <!-- com.qa.test.DataProviderClass -->
