<?xml version="1.0" encoding="UTF-8"?>
<!-- Generated by org.testng.reporters.JUnitReportReporter -->
<testsuite hostname="Biswa-Win10Pro-DND" failures="0" tests="2" name="com.qa.test.Log4jTest" time="26.565" errors="0" timestamp="2021-12-06T17:18:28 IST" skipped="0">
  <testcase classname="com.qa.test.Log4jTest" name="testCartValue" time="12.743"/>
  <testcase classname="com.qa.test.Log4jTest" name="testContactUsLink" time="13.822"/>
</testsuite> <!-- com.qa.test.Log4jTest -->
