<?xml version="1.0" encoding="UTF-8"?>
<!-- Generated by org.testng.reporters.JUnitReportReporter -->
<testsuite hostname="Biswa-Win10Pro-DND" failures="0" tests="1" name="com.TestNgMavenExampleTest" time="0.019" errors="0" timestamp="2021-11-27T10:38:33 IST" skipped="0">
  <testcase classname="com.TestNgMavenExampleTest" name="exampleOfTestNgMaven" time="0.019"/>
</testsuite> <!-- com.TestNgMavenExampleTest -->
