<?xml version="1.0" encoding="UTF-8"?>
<!-- Generated by org.testng.reporters.JUnitReportReporter -->
<testsuite hostname="Biswa-Win10Pro-DND" failures="0" tests="1" name="com.qa.test.WindowHandles" time="38.620" errors="0" timestamp="2021-12-06T16:52:22 IST" skipped="0">
  <testcase classname="com.qa.test.WindowHandles" name="windowHandle" time="38.620"/>
</testsuite> <!-- com.qa.test.WindowHandles -->
