<?xml version="1.0" encoding="UTF-8"?>
<!-- Generated by org.testng.reporters.JUnitReportReporter -->
<testsuite hostname="Biswa-Win10Pro-DND" failures="0" tests="3" name="com.tsetng.param.dataprovider.ClassLevelDataProvider" time="89.912" errors="0" timestamp="2021-12-21T11:34:24 IST" skipped="0">
  <testcase classname="com.tsetng.param.dataprovider.ClassLevelDataProvider" name="paramByDataProvider" time="41.529"/>
  <testcase classname="com.tsetng.param.dataprovider.ClassLevelDataProvider" name="paramByDataProvider" time="19.890"/>
  <testcase classname="com.tsetng.param.dataprovider.ClassLevelDataProvider" name="paramByDataProvider" time="28.493"/>
</testsuite> <!-- com.tsetng.param.dataprovider.ClassLevelDataProvider -->
