<?xml version="1.0" encoding="UTF-8"?>
<!-- Generated by org.testng.reporters.JUnitReportReporter -->
<testsuite hostname="Biswa-Win10Pro-DND" failures="0" tests="1" name="com.qa.test.TestNgMavenSecondClass" time="0.002" errors="0" timestamp="2021-11-27T13:58:29 IST" skipped="0">
  <testcase classname="com.qa.test.TestNgMavenSecondClass" name="oneMoreTest" time="0.002"/>
</testsuite> <!-- com.qa.test.TestNgMavenSecondClass -->
