<?xml version="1.0" encoding="UTF-8"?>
<!-- Generated by org.testng.reporters.JUnitReportReporter -->
<testsuite hostname="Biswa-Win10Pro-DND" failures="0" tests="4" name="com.testng.annotations.Priority_In_testNG" time="49.504" errors="0" timestamp="2021-12-06T20:45:40 IST" skipped="0">
  <testcase classname="com.testng.annotations.Priority_In_testNG" name="openBrowser" time="6.776"/>
  <testcase classname="com.testng.annotations.Priority_In_testNG" name="launchGoogle" time="10.103"/>
  <testcase classname="com.testng.annotations.Priority_In_testNG" name="peformSeachAndClick1stLink" time="0.351"/>
  <testcase classname="com.testng.annotations.Priority_In_testNG" name="FaceBookPageTitleVerification" time="32.274"/>
</testsuite> <!-- com.testng.annotations.Priority_In_testNG -->
