<?xml version="1.0" encoding="UTF-8"?>
<!-- Generated by org.testng.reporters.JUnitReportReporter -->
<testsuite hostname="Biswa-Win10Pro-DND" failures="0" tests="2" name="com.pom.example.BrowserStackSetup.BrowserStackSetup" time="9.510" errors="0" timestamp="2021-12-09T12:24:48 IST" skipped="0">
  <testcase classname="com.pom.example.BrowserStackSetup.BrowserStackSetup" name="navigate_to_homepage_click_on_getstarted" time="9.119"/>
  <testcase classname="com.pom.example.BrowserStackSetup.BrowserStackSetup" name="enter_userDetails" time="0.391"/>
</testsuite> <!-- com.pom.example.BrowserStackSetup.BrowserStackSetup -->
