<?xml version="1.0" encoding="UTF-8"?>
<!-- Generated by org.testng.reporters.JUnitReportReporter -->
<testsuite hostname="Biswa-Win10Pro-DND" failures="0" tests="3" name="com.tsetng.param.dataprovider.ParameterizedClass" time="48.611" errors="0" timestamp="2021-12-20T18:08:29 IST" skipped="0">
  <testcase classname="com.tsetng.param.dataprovider.ParameterizedClass" name="Parameterpassing" time="16.070"/>
  <testcase classname="com.tsetng.param.dataprovider.ParameterizedClass" name="Parameterpassing" time="16.267"/>
  <testcase classname="com.tsetng.param.dataprovider.ParameterizedClass" name="Parameterpassing" time="16.274"/>
</testsuite> <!-- com.tsetng.param.dataprovider.ParameterizedClass -->
