<?xml version="1.0" encoding="UTF-8"?>
<!-- Generated by org.testng.reporters.JUnitReportReporter -->
<testsuite hostname="Biswa-Win10Pro-DND" failures="0" tests="1" name="com.qa.test.MultipleWindowsClass" time="61.379" errors="0" timestamp="2021-12-06T16:46:25 IST" skipped="0">
  <testcase classname="com.qa.test.MultipleWindowsClass" name="testMultipleWindows" time="61.379"/>
</testsuite> <!-- com.qa.test.MultipleWindowsClass -->
