<?xml version="1.0" encoding="UTF-8"?>
<!-- Generated by org.testng.reporters.JUnitReportReporter -->
<testsuite hostname="Biswa-Win10Pro-DND" failures="0" tests="1" name="com.report.testng.DemoA" time="20.964" errors="0" timestamp="2021-12-22T11:08:33 IST" skipped="0">
  <testcase classname="com.report.testng.DemoA" name="run" time="20.964"/>
</testsuite> <!-- com.report.testng.DemoA -->
